<?xml version="1.0" encoding="UTF-8"?>
<!-- Generated by org.testng.reporters.JUnitXMLReporter -->
<testsuite hostname="RABBI-PC" name="Default test" tests="4" failures="0" timestamp="2 Feb 2019 04:39:12 GMT" time="0.04" errors="0">
  <testcase name="div" time="0.013" classname="com.qa.test.DemoTest"/>
  <testcase name="multiply" time="0.002" classname="com.qa.test.DemoTest"/>
  <testcase name="subtraction" time="0.002" classname="com.qa.test.DemoTest"/>
  <testcase name="sum" time="0.002" classname="com.qa.test.DemoTest"/>
</testsuite> <!-- Default test -->
