<?xml version="1.0" encoding="UTF-8"?>
<testng-results skipped="0" failed="0" total="5" passed="5">
  <reporter-output>
  </reporter-output>
  <suite name="Default suite" duration-ms="37" started-at="2019-02-02T21:09:22Z" finished-at="2019-02-02T21:09:22Z">
    <groups>
    </groups>
    <test name="Default test" duration-ms="37" started-at="2019-02-02T21:09:22Z" finished-at="2019-02-02T21:09:22Z">
      <class name="com.qa.test.DemoTest">
        <test-method status="PASS" signature="addition()[pri:0, instance:com.qa.test.DemoTest@5ae9a829]" name="addition" duration-ms="11" started-at="2019-02-02T16:09:22Z" finished-at="2019-02-02T16:09:22Z">
          <reporter-output>
          </reporter-output>
        </test-method> <!-- addition -->
        <test-method status="PASS" signature="div()[pri:0, instance:com.qa.test.DemoTest@5ae9a829]" name="div" duration-ms="2" started-at="2019-02-02T16:09:22Z" finished-at="2019-02-02T16:09:22Z">
          <reporter-output>
          </reporter-output>
        </test-method> <!-- div -->
        <test-method status="PASS" signature="multiply()[pri:0, instance:com.qa.test.DemoTest@5ae9a829]" name="multiply" duration-ms="2" started-at="2019-02-02T16:09:22Z" finished-at="2019-02-02T16:09:22Z">
          <reporter-output>
          </reporter-output>
        </test-method> <!-- multiply -->
        <test-method status="PASS" signature="subtraction()[pri:0, instance:com.qa.test.DemoTest@5ae9a829]" name="subtraction" duration-ms="1" started-at="2019-02-02T16:09:22Z" finished-at="2019-02-02T16:09:22Z">
          <reporter-output>
          </reporter-output>
        </test-method> <!-- subtraction -->
        <test-method status="PASS" signature="sum()[pri:0, instance:com.qa.test.DemoTest@5ae9a829]" name="sum" duration-ms="1" started-at="2019-02-02T16:09:22Z" finished-at="2019-02-02T16:09:22Z">
          <reporter-output>
          </reporter-output>
        </test-method> <!-- sum -->
      </class> <!-- com.qa.test.DemoTest -->
    </test> <!-- Default test -->
  </suite> <!-- Default suite -->
</testng-results>
