<?xml version="1.0" encoding="UTF-8"?>
<testng-results skipped="0" failed="0" total="4" passed="4">
  <reporter-output>
  </reporter-output>
  <suite name="Default suite" duration-ms="40" started-at="2019-02-02T04:39:12Z" finished-at="2019-02-02T04:39:12Z">
    <groups>
    </groups>
    <test name="Default test" duration-ms="40" started-at="2019-02-02T04:39:12Z" finished-at="2019-02-02T04:39:12Z">
      <class name="com.qa.test.DemoTest">
        <test-method status="PASS" signature="div()[pri:0, instance:com.qa.test.DemoTest@5ae9a829]" name="div" duration-ms="13" started-at="2019-02-01T23:39:12Z" finished-at="2019-02-01T23:39:12Z">
          <reporter-output>
          </reporter-output>
        </test-method> <!-- div -->
        <test-method status="PASS" signature="multiply()[pri:0, instance:com.qa.test.DemoTest@5ae9a829]" name="multiply" duration-ms="2" started-at="2019-02-01T23:39:12Z" finished-at="2019-02-01T23:39:12Z">
          <reporter-output>
          </reporter-output>
        </test-method> <!-- multiply -->
        <test-method status="PASS" signature="subtraction()[pri:0, instance:com.qa.test.DemoTest@5ae9a829]" name="subtraction" duration-ms="2" started-at="2019-02-01T23:39:12Z" finished-at="2019-02-01T23:39:12Z">
          <reporter-output>
          </reporter-output>
        </test-method> <!-- subtraction -->
        <test-method status="PASS" signature="sum()[pri:0, instance:com.qa.test.DemoTest@5ae9a829]" name="sum" duration-ms="2" started-at="2019-02-01T23:39:12Z" finished-at="2019-02-01T23:39:12Z">
          <reporter-output>
          </reporter-output>
        </test-method> <!-- sum -->
      </class> <!-- com.qa.test.DemoTest -->
    </test> <!-- Default test -->
  </suite> <!-- Default suite -->
</testng-results>
